  pch.cpp
  imgui.cpp
  imgui_demo.cpp
  imgui_draw.cpp
  imgui_impl_dx11.cpp
  imgui_impl_win32.cpp
  imgui_tables.cpp
  imgui_widgets.cpp
  dllmain.cpp
  buffer.c
  hde32.c
  hde64.c
  hook.c
  trampoline.c
  Gerando código
  Previous IPDB not found, fall back to full compilation.
  All 2716 functions were compiled because no usable IPDB/IOBJ from previous compilation was found.
  Finalizada a geração de código
  ModMenu1.vcxproj -> C:\Users\gab\Desktop\modmenu\ModMenu_HvsF\x64\Release\ModMenu1.dll
  'pwsh.exe' não é reconhecido como um comando interno
  ou externo, um programa operável ou um arquivo em lotes.
