c:\users\gab\desktop\modmenu\modmenu_hvsf\modmenu1\x64\release\modmenu1.pch
c:\users\gab\desktop\modmenu\modmenu_hvsf\modmenu1\x64\release\vc143.pdb
c:\users\gab\desktop\modmenu\modmenu_hvsf\modmenu1\x64\release\pch.obj
c:\users\gab\desktop\modmenu\modmenu_hvsf\modmenu1\x64\release\dllmain.obj
c:\users\gab\desktop\modmenu\modmenu_hvsf\modmenu1\x64\release\imgui_widgets.obj
c:\users\gab\desktop\modmenu\modmenu_hvsf\modmenu1\x64\release\imgui_tables.obj
c:\users\gab\desktop\modmenu\modmenu_hvsf\modmenu1\x64\release\imgui_impl_win32.obj
c:\users\gab\desktop\modmenu\modmenu_hvsf\modmenu1\x64\release\imgui_impl_dx11.obj
c:\users\gab\desktop\modmenu\modmenu_hvsf\modmenu1\x64\release\imgui_draw.obj
c:\users\gab\desktop\modmenu\modmenu_hvsf\modmenu1\x64\release\imgui_demo.obj
c:\users\gab\desktop\modmenu\modmenu_hvsf\modmenu1\x64\release\imgui.obj
c:\users\gab\desktop\modmenu\modmenu_hvsf\modmenu1\x64\release\trampoline.obj
c:\users\gab\desktop\modmenu\modmenu_hvsf\modmenu1\x64\release\hook.obj
c:\users\gab\desktop\modmenu\modmenu_hvsf\modmenu1\x64\release\hde64.obj
c:\users\gab\desktop\modmenu\modmenu_hvsf\modmenu1\x64\release\hde32.obj
c:\users\gab\desktop\modmenu\modmenu_hvsf\modmenu1\x64\release\buffer.obj
c:\users\gab\desktop\modmenu\modmenu_hvsf\x64\release\modmenu1.dll
c:\users\gab\desktop\modmenu\modmenu_hvsf\x64\release\modmenu1.pdb
c:\users\gab\desktop\modmenu\modmenu_hvsf\modmenu1\x64\release\modmenu1.ipdb
c:\users\gab\desktop\modmenu\modmenu_hvsf\modmenu1\x64\release\modmenu1.iobj
c:\users\gab\desktop\modmenu\modmenu_hvsf\modmenu1\x64\release\modmenu1.tlog\cl.command.1.tlog
c:\users\gab\desktop\modmenu\modmenu_hvsf\modmenu1\x64\release\modmenu1.tlog\cl.items.tlog
c:\users\gab\desktop\modmenu\modmenu_hvsf\modmenu1\x64\release\modmenu1.tlog\cl.read.1.tlog
c:\users\gab\desktop\modmenu\modmenu_hvsf\modmenu1\x64\release\modmenu1.tlog\cl.write.1.tlog
c:\users\gab\desktop\modmenu\modmenu_hvsf\modmenu1\x64\release\modmenu1.tlog\link.command.1.tlog
c:\users\gab\desktop\modmenu\modmenu_hvsf\modmenu1\x64\release\modmenu1.tlog\link.read.1.tlog
c:\users\gab\desktop\modmenu\modmenu_hvsf\modmenu1\x64\release\modmenu1.tlog\link.secondary.1.tlog
c:\users\gab\desktop\modmenu\modmenu_hvsf\modmenu1\x64\release\modmenu1.tlog\link.write.1.tlog
